{
  "version": 4,
  "terraform_version": "1.7.5",
  "serial": 4,
  "lineage": "19aab218-fbc1-c9e3-62e0-2e0edd366718",
  "outputs": {
    "primary_access_key": {
      "value": "k5+AALNPOjmmR9ViA5IN4jT46ZrYNloU5MfZgqmARia9e4UZ92aVWz5kcni4R/qqnn1vs7vSUjjy+AStawP+Eg==",
      "type": "string",
      "sensitive": true
    },
    "primary_connection_string": {
      "value": "DefaultEndpointsProtocol=https;AccountName=srechalngforflaschenpost;AccountKey=k5+AALNPOjmmR9ViA5IN4jT46ZrYNloU5MfZgqmARia9e4UZ92aVWz5kcni4R/qqnn1vs7vSUjjy+AStawP+Eg==;EndpointSuffix=core.windows.net",
      "type": "string",
      "sensitive": true
    },
    "storage_account_id": {
      "value": "/subscriptions/4cf10124-fbd5-4faf-8f16-3716c096db79/resourceGroups/sre-challenge-flaschenpost/providers/Microsoft.Storage/storageAccounts/srechalngforflaschenpost",
      "type": "string"
    },
    "storage_container_id": {
      "value": "https://srechalngforflaschenpost.blob.core.windows.net/sre",
      "type": "string"
    }
  },
  "resources": [
    {
      "mode": "managed",
      "type": "azurerm_resource_group",
      "name": "sre_challenge",
      "provider": "provider[\"registry.terraform.io/hashicorp/azurerm\"]",
      "instances": [
        {
          "schema_version": 0,
          "attributes": {
            "id": "/subscriptions/4cf10124-fbd5-4faf-8f16-3716c096db79/resourceGroups/sre-challenge-flaschenpost",
            "location": "westeurope",
            "managed_by": "",
            "name": "sre-challenge-flaschenpost",
            "tags": {
              "department": "SRE"
            },
            "timeouts": null
          },
          "sensitive_attributes": [],
          "private": "eyJlMmJmYjczMC1lY2FhLTExZTYtOGY4OC0zNDM2M2JjN2M0YzAiOnsiY3JlYXRlIjo1NDAwMDAwMDAwMDAwLCJkZWxldGUiOjU0MDAwMDAwMDAwMDAsInJlYWQiOjMwMDAwMDAwMDAwMCwidXBkYXRlIjo1NDAwMDAwMDAwMDAwfX0="
        }
      ]
    },
    {
      "mode": "managed",
      "type": "azurerm_storage_account",
      "name": "sre_challenge",
      "provider": "provider[\"registry.terraform.io/hashicorp/azurerm\"]",
      "instances": [
        {
          "schema_version": 4,
          "attributes": {
            "access_tier": "Hot",
            "account_kind": "StorageV2",
            "account_replication_type": "LRS",
            "account_tier": "Standard",
            "allow_nested_items_to_be_public": true,
            "allowed_copy_scope": "",
            "azure_files_authentication": [],
            "blob_properties": [
              {
                "change_feed_enabled": false,
                "change_feed_retention_in_days": 0,
                "container_delete_retention_policy": [],
                "cors_rule": [],
                "default_service_version": "",
                "delete_retention_policy": [],
                "last_access_time_enabled": false,
                "restore_policy": [],
                "versioning_enabled": false
              }
            ],
            "cross_tenant_replication_enabled": false,
            "custom_domain": [],
            "customer_managed_key": [],
            "default_to_oauth_authentication": false,
            "dns_endpoint_type": "Standard",
            "edge_zone": "",
            "https_traffic_only_enabled": true,
            "id": "/subscriptions/4cf10124-fbd5-4faf-8f16-3716c096db79/resourceGroups/sre-challenge-flaschenpost/providers/Microsoft.Storage/storageAccounts/srechalngforflaschenpost",
            "identity": [],
            "immutability_policy": [],
            "infrastructure_encryption_enabled": false,
            "is_hns_enabled": false,
            "large_file_share_enabled": false,
            "local_user_enabled": true,
            "location": "westeurope",
            "min_tls_version": "TLS1_2",
            "name": "srechalngforflaschenpost",
            "network_rules": [],
            "nfsv3_enabled": false,
            "primary_access_key": "k5+AALNPOjmmR9ViA5IN4jT46ZrYNloU5MfZgqmARia9e4UZ92aVWz5kcni4R/qqnn1vs7vSUjjy+AStawP+Eg==",
            "primary_blob_connection_string": "DefaultEndpointsProtocol=https;BlobEndpoint=https://srechalngforflaschenpost.blob.core.windows.net/;AccountName=srechalngforflaschenpost;AccountKey=k5+AALNPOjmmR9ViA5IN4jT46ZrYNloU5MfZgqmARia9e4UZ92aVWz5kcni4R/qqnn1vs7vSUjjy+AStawP+Eg==",
            "primary_blob_endpoint": "https://srechalngforflaschenpost.blob.core.windows.net/",
            "primary_blob_host": "srechalngforflaschenpost.blob.core.windows.net",
            "primary_blob_internet_endpoint": "",
            "primary_blob_internet_host": "",
            "primary_blob_microsoft_endpoint": "",
            "primary_blob_microsoft_host": "",
            "primary_connection_string": "DefaultEndpointsProtocol=https;AccountName=srechalngforflaschenpost;AccountKey=k5+AALNPOjmmR9ViA5IN4jT46ZrYNloU5MfZgqmARia9e4UZ92aVWz5kcni4R/qqnn1vs7vSUjjy+AStawP+Eg==;EndpointSuffix=core.windows.net",
            "primary_dfs_endpoint": "https://srechalngforflaschenpost.dfs.core.windows.net/",
            "primary_dfs_host": "srechalngforflaschenpost.dfs.core.windows.net",
            "primary_dfs_internet_endpoint": "",
            "primary_dfs_internet_host": "",
            "primary_dfs_microsoft_endpoint": "",
            "primary_dfs_microsoft_host": "",
            "primary_file_endpoint": "https://srechalngforflaschenpost.file.core.windows.net/",
            "primary_file_host": "srechalngforflaschenpost.file.core.windows.net",
            "primary_file_internet_endpoint": "",
            "primary_file_internet_host": "",
            "primary_file_microsoft_endpoint": "",
            "primary_file_microsoft_host": "",
            "primary_location": "westeurope",
            "primary_queue_endpoint": "https://srechalngforflaschenpost.queue.core.windows.net/",
            "primary_queue_host": "srechalngforflaschenpost.queue.core.windows.net",
            "primary_queue_microsoft_endpoint": "",
            "primary_queue_microsoft_host": "",
            "primary_table_endpoint": "https://srechalngforflaschenpost.table.core.windows.net/",
            "primary_table_host": "srechalngforflaschenpost.table.core.windows.net",
            "primary_table_microsoft_endpoint": "",
            "primary_table_microsoft_host": "",
            "primary_web_endpoint": "https://srechalngforflaschenpost.z6.web.core.windows.net/",
            "primary_web_host": "srechalngforflaschenpost.z6.web.core.windows.net",
            "primary_web_internet_endpoint": "",
            "primary_web_internet_host": "",
            "primary_web_microsoft_endpoint": "",
            "primary_web_microsoft_host": "",
            "public_network_access_enabled": true,
            "queue_encryption_key_type": "Service",
            "queue_properties": [
              {
                "cors_rule": [],
                "hour_metrics": [
                  {
                    "enabled": true,
                    "include_apis": true,
                    "retention_policy_days": 7,
                    "version": "1.0"
                  }
                ],
                "logging": [
                  {
                    "delete": false,
                    "read": false,
                    "retention_policy_days": 0,
                    "version": "1.0",
                    "write": false
                  }
                ],
                "minute_metrics": [
                  {
                    "enabled": false,
                    "include_apis": false,
                    "retention_policy_days": 0,
                    "version": "1.0"
                  }
                ]
              }
            ],
            "resource_group_name": "sre-challenge-flaschenpost",
            "routing": [],
            "sas_policy": [],
            "secondary_access_key": "t9p3xy1VNa5KG9InCD2zJuBxpaXyHWceXl6BaUebCWtfSbQ/q/mYGzsHeW4Adr84oiG5LrTBPr1C+AStFx+e6g==",
            "secondary_blob_connection_string": "",
            "secondary_blob_endpoint": "",
            "secondary_blob_host": "",
            "secondary_blob_internet_endpoint": "",
            "secondary_blob_internet_host": "",
            "secondary_blob_microsoft_endpoint": "",
            "secondary_blob_microsoft_host": "",
            "secondary_connection_string": "DefaultEndpointsProtocol=https;AccountName=srechalngforflaschenpost;AccountKey=t9p3xy1VNa5KG9InCD2zJuBxpaXyHWceXl6BaUebCWtfSbQ/q/mYGzsHeW4Adr84oiG5LrTBPr1C+AStFx+e6g==;EndpointSuffix=core.windows.net",
            "secondary_dfs_endpoint": "",
            "secondary_dfs_host": "",
            "secondary_dfs_internet_endpoint": "",
            "secondary_dfs_internet_host": "",
            "secondary_dfs_microsoft_endpoint": "",
            "secondary_dfs_microsoft_host": "",
            "secondary_file_endpoint": "",
            "secondary_file_host": "",
            "secondary_file_internet_endpoint": "",
            "secondary_file_internet_host": "",
            "secondary_file_microsoft_endpoint": "",
            "secondary_file_microsoft_host": "",
            "secondary_location": "",
            "secondary_queue_endpoint": "",
            "secondary_queue_host": "",
            "secondary_queue_microsoft_endpoint": "",
            "secondary_queue_microsoft_host": "",
            "secondary_table_endpoint": "",
            "secondary_table_host": "",
            "secondary_table_microsoft_endpoint": "",
            "secondary_table_microsoft_host": "",
            "secondary_web_endpoint": "",
            "secondary_web_host": "",
            "secondary_web_internet_endpoint": "",
            "secondary_web_internet_host": "",
            "secondary_web_microsoft_endpoint": "",
            "secondary_web_microsoft_host": "",
            "sftp_enabled": false,
            "share_properties": [
              {
                "cors_rule": [],
                "retention_policy": [
                  {
                    "days": 7
                  }
                ],
                "smb": []
              }
            ],
            "shared_access_key_enabled": true,
            "static_website": [],
            "table_encryption_key_type": "Service",
            "tags": {
              "department": "SRE"
            },
            "timeouts": null
          },
          "sensitive_attributes": [],
          "private": "eyJlMmJmYjczMC1lY2FhLTExZTYtOGY4OC0zNDM2M2JjN2M0YzAiOnsiY3JlYXRlIjozNjAwMDAwMDAwMDAwLCJkZWxldGUiOjM2MDAwMDAwMDAwMDAsInJlYWQiOjMwMDAwMDAwMDAwMCwidXBkYXRlIjozNjAwMDAwMDAwMDAwfSwic2NoZW1hX3ZlcnNpb24iOiI0In0=",
          "dependencies": [
            "azurerm_resource_group.sre_challenge"
          ]
        }
      ]
    },
    {
      "mode": "managed",
      "type": "azurerm_storage_container",
      "name": "sre_container",
      "provider": "provider[\"registry.terraform.io/hashicorp/azurerm\"]",
      "instances": [
        {
          "schema_version": 1,
          "attributes": {
            "container_access_type": "private",
            "default_encryption_scope": "$account-encryption-key",
            "encryption_scope_override_enabled": true,
            "has_immutability_policy": false,
            "has_legal_hold": false,
            "id": "https://srechalngforflaschenpost.blob.core.windows.net/sre",
            "metadata": {},
            "name": "sre",
            "resource_manager_id": "/subscriptions/4cf10124-fbd5-4faf-8f16-3716c096db79/resourceGroups/sre-challenge-flaschenpost/providers/Microsoft.Storage/storageAccounts/srechalngforflaschenpost/blobServices/default/containers/sre",
            "storage_account_name": "srechalngforflaschenpost",
            "timeouts": null
          },
          "sensitive_attributes": [],
          "private": "eyJlMmJmYjczMC1lY2FhLTExZTYtOGY4OC0zNDM2M2JjN2M0YzAiOnsiY3JlYXRlIjoxODAwMDAwMDAwMDAwLCJkZWxldGUiOjE4MDAwMDAwMDAwMDAsInJlYWQiOjMwMDAwMDAwMDAwMCwidXBkYXRlIjoxODAwMDAwMDAwMDAwfSwic2NoZW1hX3ZlcnNpb24iOiIxIn0=",
          "dependencies": [
            "azurerm_resource_group.sre_challenge",
            "azurerm_storage_account.sre_challenge"
          ]
        }
      ]
    }
  ],
  "check_results": null
}
